<?xml version="1.0" encoding="UTF-8"?>
<!-- Generated by org.testng.reporters.JUnitReportReporter -->
<testsuite hostname="DESKTOP-73GD58U" failures="0" tests="4" name="com.naresh.Scripts.Sadbasics_exp" time="0.023" errors="0" timestamp="2023-11-29T13:08:46 IST" skipped="0">
  <testcase classname="com.naresh.Scripts.Sadbasics_exp" name="hh" time="0.012"/>
  <testcase classname="com.naresh.Scripts.Sadbasics_exp" name="r" time="0.002"/>
  <testcase classname="com.naresh.Scripts.Sadbasics_exp" name="f" time="0.006"/>
  <testcase classname="com.naresh.Scripts.Sadbasics_exp" name="ddd" time="0.003"/>
</testsuite> <!-- com.naresh.Scripts.Sadbasics_exp -->
